  [1m[35m (576.7ms)[0m  [1m[35mCREATE DATABASE "mvc_exercise_development" ENCODING = 'unicode'[0m
  ↳ bin/rails:4
  [1m[35m (572.7ms)[0m  [1m[35mCREATE DATABASE "mvc_exercise_test" ENCODING = 'unicode'[0m
  ↳ bin/rails:4
  [1m[35m (12.1ms)[0m  [1m[35mCREATE TABLE "schema_migrations" ("version" character varying NOT NULL PRIMARY KEY)[0m
  ↳ bin/rails:4
  [1m[35m (9.5ms)[0m  [1m[35mCREATE TABLE "ar_internal_metadata" ("key" character varying NOT NULL PRIMARY KEY, "value" character varying, "created_at" timestamp NOT NULL, "updated_at" timestamp NOT NULL)[0m
  ↳ bin/rails:4
  [1m[35m (1.5ms)[0m  [1m[34mSELECT pg_try_advisory_lock(5520102858362305815)[0m
  ↳ bin/rails:4
  [1m[35m (2.1ms)[0m  [1m[34mSELECT "schema_migrations"."version" FROM "schema_migrations" ORDER BY "schema_migrations"."version" ASC[0m
  ↳ bin/rails:4
Migrating to CreateItems (20190105150742)
  [1m[35m (1.5ms)[0m  [1m[35mBEGIN[0m
  ↳ bin/rails:4
  [1m[35m (8.2ms)[0m  [1m[35mCREATE TABLE "items" ("id" bigserial primary key, "original_price" float NOT NULL, "has_discount" boolean DEFAULT FALSE, "discount_percentage" integer DEFAULT 0, "created_at" timestamp NOT NULL, "updated_at" timestamp NOT NULL)[0m
  ↳ db/migrate/20190105150742_create_items.rb:5
  [1m[36mActiveRecord::SchemaMigration Create (2.2ms)[0m  [1m[32mINSERT INTO "schema_migrations" ("version") VALUES ($1) RETURNING "version"[0m  [["version", "20190105150742"]]
  ↳ bin/rails:4
  [1m[35m (2.9ms)[0m  [1m[35mCOMMIT[0m
  ↳ bin/rails:4
  [1m[36mActiveRecord::InternalMetadata Load (2.1ms)[0m  [1m[34mSELECT  "ar_internal_metadata".* FROM "ar_internal_metadata" WHERE "ar_internal_metadata"."key" = $1 LIMIT $2[0m  [["key", "environment"], ["LIMIT", 1]]
  ↳ bin/rails:4
  [1m[35m (1.3ms)[0m  [1m[35mBEGIN[0m
  ↳ bin/rails:4
  [1m[36mActiveRecord::InternalMetadata Create (1.6ms)[0m  [1m[32mINSERT INTO "ar_internal_metadata" ("key", "value", "created_at", "updated_at") VALUES ($1, $2, $3, $4) RETURNING "key"[0m  [["key", "environment"], ["value", "development"], ["created_at", "2019-01-07 12:49:37.884299"], ["updated_at", "2019-01-07 12:49:37.884299"]]
  ↳ bin/rails:4
  [1m[35m (1.9ms)[0m  [1m[35mCOMMIT[0m
  ↳ bin/rails:4
  [1m[35m (1.3ms)[0m  [1m[34mSELECT pg_advisory_unlock(5520102858362305815)[0m
  ↳ bin/rails:4
  [1m[35m (2.0ms)[0m  [1m[34mSELECT "schema_migrations"."version" FROM "schema_migrations" ORDER BY "schema_migrations"."version" ASC[0m
  ↳ bin/rails:4
Started GET "/" for 127.0.0.1 at 2019-01-07 13:50:23 +0100
  [1m[35m (2.9ms)[0m  [1m[34mSELECT "schema_migrations"."version" FROM "schema_migrations" ORDER BY "schema_migrations"."version" ASC[0m
  ↳ /Users/reaualexis/.rvm/gems/ruby-2.5.1/gems/activerecord-5.2.2/lib/active_record/log_subscriber.rb:98
Processing by Administration::ItemsController#index as HTML
  Rendering administration/items/index.html.erb within layouts/administration
  Rendered administration/items/index.html.erb within layouts/administration (11.6ms)
  Rendered layouts/administration/_sidebar.html.erb (14.4ms)
  Rendered layouts/shared/_flash_messages.html.erb (0.8ms)
Completed 200 OK in 18083ms (Views: 18033.6ms | ActiveRecord: 0.0ms)


Started GET "/" for 127.0.0.1 at 2019-01-07 13:54:05 +0100
Processing by Administration::ItemsController#index as HTML
  Rendering administration/items/index.html.erb within layouts/administration
  Rendered administration/items/index.html.erb within layouts/administration (2.4ms)
  Rendered layouts/administration/_sidebar.html.erb (5.9ms)
  Rendered layouts/shared/_flash_messages.html.erb (1.1ms)
Completed 200 OK in 980ms (Views: 943.8ms | ActiveRecord: 0.0ms)


Started GET "/" for 127.0.0.1 at 2019-01-07 13:57:56 +0100
Processing by Administration::ItemsController#index as HTML
  Rendering administration/items/index.html.erb within layouts/administration
  Rendered administration/items/index.html.erb within layouts/administration (2.8ms)
  Rendered layouts/administration/_sidebar.html.erb (5.3ms)
  Rendered layouts/shared/_flash_messages.html.erb (1.6ms)
Completed 200 OK in 696ms (Views: 655.1ms | ActiveRecord: 0.0ms)


Started GET "/administration/items" for 127.0.0.1 at 2019-01-07 13:57:59 +0100
Processing by Administration::ItemsController#index as HTML
  Rendering administration/items/index.html.erb within layouts/administration
  Rendered administration/items/index.html.erb within layouts/administration (0.5ms)
  Rendered layouts/administration/_sidebar.html.erb (2.5ms)
  Rendered layouts/shared/_flash_messages.html.erb (0.5ms)
Completed 200 OK in 42ms (Views: 38.4ms | ActiveRecord: 0.0ms)


Started GET "/" for 127.0.0.1 at 2019-01-07 13:58:00 +0100
Processing by Administration::ItemsController#index as HTML
  Rendering administration/items/index.html.erb within layouts/administration
  Rendered administration/items/index.html.erb within layouts/administration (0.7ms)
  Rendered layouts/administration/_sidebar.html.erb (2.1ms)
  Rendered layouts/shared/_flash_messages.html.erb (3.1ms)
Completed 200 OK in 59ms (Views: 54.1ms | ActiveRecord: 0.0ms)


Started GET "/administration/items" for 127.0.0.1 at 2019-01-07 13:58:01 +0100
Processing by Administration::ItemsController#index as HTML
  Rendering administration/items/index.html.erb within layouts/administration
  Rendered administration/items/index.html.erb within layouts/administration (0.6ms)
  Rendered layouts/administration/_sidebar.html.erb (2.0ms)
  Rendered layouts/shared/_flash_messages.html.erb (0.5ms)
Completed 200 OK in 54ms (Views: 49.9ms | ActiveRecord: 0.0ms)


Started GET "/" for 127.0.0.1 at 2019-01-07 13:58:02 +0100
Processing by Administration::ItemsController#index as HTML
  Rendering administration/items/index.html.erb within layouts/administration
  Rendered administration/items/index.html.erb within layouts/administration (0.5ms)
  Rendered layouts/administration/_sidebar.html.erb (2.7ms)
  Rendered layouts/shared/_flash_messages.html.erb (0.5ms)
Completed 200 OK in 46ms (Views: 41.1ms | ActiveRecord: 0.0ms)


Started GET "/" for 127.0.0.1 at 2019-01-07 13:58:05 +0100
Processing by Administration::ItemsController#index as HTML
  Rendering administration/items/index.html.erb within layouts/administration
  Rendered administration/items/index.html.erb within layouts/administration (0.5ms)
  Rendered layouts/administration/_sidebar.html.erb (2.5ms)
  Rendered layouts/shared/_flash_messages.html.erb (0.5ms)
Completed 200 OK in 46ms (Views: 42.5ms | ActiveRecord: 0.0ms)


  [1m[35m (2.1ms)[0m  [1m[34mSELECT "schema_migrations"."version" FROM "schema_migrations" ORDER BY "schema_migrations"."version" ASC[0m
  ↳ bin/rails:4
  [1m[35m (1.6ms)[0m  [1m[35mBEGIN[0m
  ↳ db/seeds.rb:4
  [1m[36mItem Create (3.0ms)[0m  [1m[32mINSERT INTO "items" ("original_price", "created_at", "updated_at") VALUES ($1, $2, $3) RETURNING "id"[0m  [["original_price", 82.51], ["created_at", "2019-01-07 14:08:47.843304"], ["updated_at", "2019-01-07 14:08:47.843304"]]
  ↳ db/seeds.rb:4
  [1m[35m (17.0ms)[0m  [1m[35mCOMMIT[0m
  ↳ db/seeds.rb:4
  [1m[35m (2.2ms)[0m  [1m[35mBEGIN[0m
  ↳ db/seeds.rb:4
  [1m[36mItem Create (1.8ms)[0m  [1m[32mINSERT INTO "items" ("original_price", "created_at", "updated_at") VALUES ($1, $2, $3) RETURNING "id"[0m  [["original_price", 15.58], ["created_at", "2019-01-07 14:08:47.868390"], ["updated_at", "2019-01-07 14:08:47.868390"]]
  ↳ db/seeds.rb:4
  [1m[35m (2.2ms)[0m  [1m[35mCOMMIT[0m
  ↳ db/seeds.rb:4
  [1m[35m (1.4ms)[0m  [1m[35mBEGIN[0m
  ↳ db/seeds.rb:4
  [1m[36mItem Create (1.7ms)[0m  [1m[32mINSERT INTO "items" ("original_price", "created_at", "updated_at") VALUES ($1, $2, $3) RETURNING "id"[0m  [["original_price", 87.39], ["created_at", "2019-01-07 14:08:47.876144"], ["updated_at", "2019-01-07 14:08:47.876144"]]
  ↳ db/seeds.rb:4
  [1m[35m (2.4ms)[0m  [1m[35mCOMMIT[0m
  ↳ db/seeds.rb:4
  [1m[35m (1.5ms)[0m  [1m[35mBEGIN[0m
  ↳ db/seeds.rb:4
  [1m[36mItem Create (2.4ms)[0m  [1m[32mINSERT INTO "items" ("original_price", "created_at", "updated_at") VALUES ($1, $2, $3) RETURNING "id"[0m  [["original_price", 41.28], ["created_at", "2019-01-07 14:08:47.884118"], ["updated_at", "2019-01-07 14:08:47.884118"]]
  ↳ db/seeds.rb:4
  [1m[35m (2.7ms)[0m  [1m[35mCOMMIT[0m
  ↳ db/seeds.rb:4
  [1m[35m (1.4ms)[0m  [1m[35mBEGIN[0m
  ↳ db/seeds.rb:4
  [1m[36mItem Create (2.7ms)[0m  [1m[32mINSERT INTO "items" ("original_price", "created_at", "updated_at") VALUES ($1, $2, $3) RETURNING "id"[0m  [["original_price", 94.37], ["created_at", "2019-01-07 14:08:47.892897"], ["updated_at", "2019-01-07 14:08:47.892897"]]
  ↳ db/seeds.rb:4
  [1m[35m (2.1ms)[0m  [1m[35mCOMMIT[0m
  ↳ db/seeds.rb:4
  [1m[35m (1.3ms)[0m  [1m[35mBEGIN[0m
  ↳ db/seeds.rb:4
  [1m[36mItem Create (1.8ms)[0m  [1m[32mINSERT INTO "items" ("original_price", "created_at", "updated_at") VALUES ($1, $2, $3) RETURNING "id"[0m  [["original_price", 52.66], ["created_at", "2019-01-07 14:08:47.901473"], ["updated_at", "2019-01-07 14:08:47.901473"]]
  ↳ db/seeds.rb:4
  [1m[35m (2.7ms)[0m  [1m[35mCOMMIT[0m
  ↳ db/seeds.rb:4
  [1m[35m (1.3ms)[0m  [1m[35mBEGIN[0m
  ↳ db/seeds.rb:4
  [1m[36mItem Create (2.0ms)[0m  [1m[32mINSERT INTO "items" ("original_price", "created_at", "updated_at") VALUES ($1, $2, $3) RETURNING "id"[0m  [["original_price", 26.41], ["created_at", "2019-01-07 14:08:47.909201"], ["updated_at", "2019-01-07 14:08:47.909201"]]
  ↳ db/seeds.rb:4
  [1m[35m (2.2ms)[0m  [1m[35mCOMMIT[0m
  ↳ db/seeds.rb:4
  [1m[35m (1.3ms)[0m  [1m[35mBEGIN[0m
  ↳ db/seeds.rb:4
  [1m[36mItem Create (2.1ms)[0m  [1m[32mINSERT INTO "items" ("original_price", "created_at", "updated_at") VALUES ($1, $2, $3) RETURNING "id"[0m  [["original_price", 96.52], ["created_at", "2019-01-07 14:08:47.916651"], ["updated_at", "2019-01-07 14:08:47.916651"]]
  ↳ db/seeds.rb:4
  [1m[35m (2.5ms)[0m  [1m[35mCOMMIT[0m
  ↳ db/seeds.rb:4
  [1m[35m (1.5ms)[0m  [1m[35mBEGIN[0m
  ↳ db/seeds.rb:4
  [1m[36mItem Create (1.7ms)[0m  [1m[32mINSERT INTO "items" ("original_price", "created_at", "updated_at") VALUES ($1, $2, $3) RETURNING "id"[0m  [["original_price", 47.13], ["created_at", "2019-01-07 14:08:47.924681"], ["updated_at", "2019-01-07 14:08:47.924681"]]
  ↳ db/seeds.rb:4
  [1m[35m (2.5ms)[0m  [1m[35mCOMMIT[0m
  ↳ db/seeds.rb:4
  [1m[35m (1.4ms)[0m  [1m[35mBEGIN[0m
  ↳ db/seeds.rb:4
  [1m[36mItem Create (2.0ms)[0m  [1m[32mINSERT INTO "items" ("original_price", "created_at", "updated_at") VALUES ($1, $2, $3) RETURNING "id"[0m  [["original_price", 66.31], ["created_at", "2019-01-07 14:08:47.932030"], ["updated_at", "2019-01-07 14:08:47.932030"]]
  ↳ db/seeds.rb:4
  [1m[35m (2.6ms)[0m  [1m[35mCOMMIT[0m
  ↳ db/seeds.rb:4
Started GET "/" for 127.0.0.1 at 2019-01-07 15:09:08 +0100
  [1m[35m (2.8ms)[0m  [1m[34mSELECT "schema_migrations"."version" FROM "schema_migrations" ORDER BY "schema_migrations"."version" ASC[0m
  ↳ /Users/reaualexis/.rvm/gems/ruby-2.5.1/gems/activerecord-5.2.2/lib/active_record/log_subscriber.rb:98
Processing by Administration::ItemsController#index as HTML
  Rendering administration/items/index.html.erb within layouts/administration
  Rendered administration/items/index.html.erb within layouts/administration (1.9ms)
  Rendered layouts/administration/_sidebar.html.erb (3.1ms)
  Rendered layouts/shared/_flash_messages.html.erb (1.2ms)
Completed 200 OK in 938ms (Views: 910.5ms | ActiveRecord: 0.0ms)


Started GET "/" for 127.0.0.1 at 2019-01-07 15:09:15 +0100
Processing by Administration::ItemsController#index as HTML
  Rendering administration/items/index.html.erb within layouts/administration
  Rendered administration/items/index.html.erb within layouts/administration (0.4ms)
  Rendered layouts/administration/_sidebar.html.erb (4.0ms)
  Rendered layouts/shared/_flash_messages.html.erb (1.6ms)
Completed 200 OK in 88ms (Views: 82.9ms | ActiveRecord: 0.0ms)


Started GET "/administration/items" for 127.0.0.1 at 2019-01-07 15:09:16 +0100
Processing by Administration::ItemsController#index as HTML
  Rendering administration/items/index.html.erb within layouts/administration
  Rendered administration/items/index.html.erb within layouts/administration (1.5ms)
  Rendered layouts/administration/_sidebar.html.erb (2.6ms)
  Rendered layouts/shared/_flash_messages.html.erb (0.6ms)
Completed 200 OK in 79ms (Views: 74.6ms | ActiveRecord: 0.0ms)


Started GET "/administration/items" for 127.0.0.1 at 2019-01-07 15:09:17 +0100
Processing by Administration::ItemsController#index as HTML
  Rendering administration/items/index.html.erb within layouts/administration
  Rendered administration/items/index.html.erb within layouts/administration (0.5ms)
  Rendered layouts/administration/_sidebar.html.erb (2.2ms)
  Rendered layouts/shared/_flash_messages.html.erb (0.7ms)
Completed 200 OK in 53ms (Views: 50.0ms | ActiveRecord: 0.0ms)


Started GET "/administration/items" for 127.0.0.1 at 2019-01-07 15:09:18 +0100
Processing by Administration::ItemsController#index as HTML
  Rendering administration/items/index.html.erb within layouts/administration
  Rendered administration/items/index.html.erb within layouts/administration (0.5ms)
  Rendered layouts/administration/_sidebar.html.erb (3.2ms)
  Rendered layouts/shared/_flash_messages.html.erb (1.0ms)
Completed 200 OK in 57ms (Views: 52.3ms | ActiveRecord: 0.0ms)


Started GET "/administration/items" for 127.0.0.1 at 2019-01-07 15:10:54 +0100
Processing by Administration::ItemsController#index as HTML
  Rendering administration/items/index.html.erb within layouts/administration
  Rendered administration/items/index.html.erb within layouts/administration (0.8ms)
  Rendered layouts/administration/_sidebar.html.erb (15.0ms)
  Rendered layouts/shared/_flash_messages.html.erb (1.2ms)
Completed 200 OK in 137ms (Views: 121.3ms | ActiveRecord: 0.0ms)


Started GET "/home" for 127.0.0.1 at 2019-01-07 15:11:44 +0100
Processing by HomeController#landing_page as HTML
  Rendering home/landing_page.html.erb within layouts/application
  Rendered home/landing_page.html.erb within layouts/application (0.5ms)
Completed 200 OK in 647ms (Views: 617.0ms | ActiveRecord: 0.0ms)


Started GET "/" for 127.0.0.1 at 2019-01-07 15:12:00 +0100
Processing by Administration::ItemsController#index as HTML
  Rendering administration/items/index.html.erb within layouts/administration
  Rendered administration/items/index.html.erb within layouts/administration (0.6ms)
  Rendered layouts/administration/_sidebar.html.erb (3.1ms)
  Rendered layouts/shared/_flash_messages.html.erb (0.7ms)
Completed 200 OK in 146ms (Views: 130.4ms | ActiveRecord: 0.0ms)


Started GET "/" for 127.0.0.1 at 2019-01-07 15:13:26 +0100
Processing by Administration::ItemsController#index as HTML
  Rendering administration/items/index.html.erb within layouts/administration
  Rendered administration/items/index.html.erb within layouts/administration (0.6ms)
  Rendered layouts/administration/_sidebar.html.erb (47.7ms)
  Rendered layouts/shared/_flash_messages.html.erb (0.7ms)
Completed 200 OK in 1415ms (Views: 1410.6ms | ActiveRecord: 0.0ms)


Started GET "/" for 127.0.0.1 at 2019-01-07 15:14:15 +0100
Processing by Administration::ItemsController#index as HTML
  Rendering administration/items/index.html.erb within layouts/administration
  Rendered administration/items/index.html.erb within layouts/administration (146.8ms)
Completed 500 Internal Server Error in 174ms (ActiveRecord: 0.0ms)


  
ActionView::Template::Error (uninitialized constant ActionView::CompiledTemplates::Items):
    18: 							</thead>
    19: 							<tbody>
    20: 								<tr>
    21: 									<th><%= Items.original_price %></th>
    22: 									<th><%= %></th>
    23: 									<th><%= %></th>
    24: 								</tr>
  
app/views/administration/items/index.html.erb:21:in `_app_views_administration_items_index_html_erb__830539715595237124_70110559929840'
Started GET "/" for 127.0.0.1 at 2019-01-07 15:14:29 +0100
Processing by Administration::ItemsController#index as HTML
  Rendering administration/items/index.html.erb within layouts/administration
  Rendered administration/items/index.html.erb within layouts/administration (383.8ms)
Completed 500 Internal Server Error in 394ms (ActiveRecord: 0.0ms)


  
ActionView::Template::Error (undefined local variable or method `items' for #<#<Class:0x00007f87c11c6f10>:0x00007f87c12c3d50>):
    18: 							</thead>
    19: 							<tbody>
    20: 								<tr>
    21: 									<th><%= items.original_price %></th>
    22: 									<th><%= %></th>
    23: 									<th><%= %></th>
    24: 								</tr>
  
app/views/administration/items/index.html.erb:21:in `_app_views_administration_items_index_html_erb__830539715595237124_70110531078640'
Started GET "/" for 127.0.0.1 at 2019-01-07 15:15:16 +0100
Processing by Administration::ItemsController#index as HTML
  Rendering administration/items/index.html.erb within layouts/administration
  Rendered administration/items/index.html.erb within layouts/administration (238.8ms)
Completed 500 Internal Server Error in 255ms (ActiveRecord: 12.9ms)


  
ActionView::Template::Error (undefined method `price' for #<Class:0x00007f87c2b61bf0>):
    18: 							</thead>
    19: 							<tbody>
    20: 								<tr>
    21: 									<th><%= Item.price %></th>
    22: 									<th><%= %></th>
    23: 									<th><%= %></th>
    24: 								</tr>
  
app/views/administration/items/index.html.erb:21:in `_app_views_administration_items_index_html_erb__830539715595237124_70110531460540'
Started GET "/" for 127.0.0.1 at 2019-01-07 15:15:25 +0100
Processing by Administration::ItemsController#index as HTML
  Rendering administration/items/index.html.erb within layouts/administration
  Rendered administration/items/index.html.erb within layouts/administration (0.6ms)
  Rendered layouts/administration/_sidebar.html.erb (3.5ms)
  Rendered layouts/shared/_flash_messages.html.erb (0.6ms)
Completed 200 OK in 582ms (Views: 577.9ms | ActiveRecord: 0.0ms)


Started GET "/" for 127.0.0.1 at 2019-01-07 15:15:51 +0100
Processing by Administration::ItemsController#index as HTML
  Rendering administration/items/index.html.erb within layouts/administration
  Rendered administration/items/index.html.erb within layouts/administration (31.4ms)
Completed 500 Internal Server Error in 45ms (ActiveRecord: 3.9ms)


  
ActionView::Template::Error (undefined method `original_price' for #<Class:0x00007f87c2b61bf0>):
    18: 							</thead>
    19: 							<tbody>
    20: 								<tr>
    21: 									<th><%= Item.original_price %></th>
    22: 									<th><%= %></th>
    23: 									<th><%= %></th>
    24: 								</tr>
  
app/views/administration/items/index.html.erb:21:in `_app_views_administration_items_index_html_erb__830539715595237124_70110561535380'
Started GET "/" for 127.0.0.1 at 2019-01-07 15:17:15 +0100
Processing by Administration::ItemsController#index as HTML
  Rendering administration/items/index.html.erb within layouts/administration
  Rendered administration/items/index.html.erb within layouts/administration (12.3ms)
Completed 500 Internal Server Error in 54ms (ActiveRecord: 0.0ms)


  
ActionView::Template::Error (uninitialized constant ActionView::CompiledTemplates::Items):
    18: 							</thead>
    19: 							<tbody>
    20: 								<tr>
    21: 									<th><%= Items.original_price %></th>
    22: 									<th><%= %></th>
    23: 									<th><%= %></th>
    24: 								</tr>
  
app/views/administration/items/index.html.erb:21:in `_app_views_administration_items_index_html_erb__830539715595237124_70110524967560'
Started GET "/" for 127.0.0.1 at 2019-01-07 15:18:02 +0100
Processing by Administration::ItemsController#index as HTML
  Rendering administration/items/index.html.erb within layouts/administration
  Rendered administration/items/index.html.erb within layouts/administration (0.5ms)
  Rendered layouts/administration/_sidebar.html.erb (2.4ms)
  Rendered layouts/shared/_flash_messages.html.erb (0.6ms)
Completed 200 OK in 580ms (Views: 576.5ms | ActiveRecord: 0.0ms)


Started GET "/" for 127.0.0.1 at 2019-01-07 15:19:15 +0100
Processing by Administration::ItemsController#index as HTML
  Rendering administration/items/index.html.erb within layouts/administration
  Rendered administration/items/index.html.erb within layouts/administration (406.8ms)
Completed 500 Internal Server Error in 456ms (ActiveRecord: 0.0ms)


  
ActionView::Template::Error (undefined local variable or method `original_price' for #<#<Class:0x00007f87c11c6f10>:0x00007f87c2bb97b0>):
    18: 							</thead>
    19: 							<tbody>
    20: 								<tr>
    21: 									<th><%= original_price %></th>
    22: 									<th><%=  %></th>
    23: 									<th><%=  %></th>
    24: 								</tr>
  
app/views/administration/items/index.html.erb:21:in `_app_views_administration_items_index_html_erb__830539715595237124_70110532194400'
Started GET "/" for 127.0.0.1 at 2019-01-07 15:20:30 +0100
Processing by Administration::ItemsController#index as HTML
  Rendering administration/items/index.html.erb within layouts/administration
  Rendered administration/items/index.html.erb within layouts/administration (0.7ms)
  Rendered layouts/administration/_sidebar.html.erb (3.8ms)
  Rendered layouts/shared/_flash_messages.html.erb (0.9ms)
Completed 200 OK in 611ms (Views: 608.1ms | ActiveRecord: 0.0ms)


Started GET "/" for 127.0.0.1 at 2019-01-07 15:36:58 +0100
Processing by Administration::ItemsController#index as HTML
  Rendering administration/items/index.html.erb within layouts/administration
  Rendered administration/items/index.html.erb within layouts/administration (1.3ms)
  Rendered layouts/administration/_sidebar.html.erb (4.2ms)
  Rendered layouts/shared/_flash_messages.html.erb (1.4ms)
Completed 200 OK in 667ms (Views: 642.0ms | ActiveRecord: 0.0ms)


